# JRE version: OpenJDK Runtime Environment (11.0.13) (build 11.0.13+0-b1751.21-8125866)
# Java VM: OpenJDK 64-Bit Server VM (11.0.13+0-b1751.21-8125866, mixed mode, tiered, compressed oops, g1 gc, windows-amd64)
Heap:
 garbage-first heap   total 273408K, used 139348K [0x0000000080000000, 0x0000000100000000)
  region size 1024K, 2 young (2048K), 2 survivors (2048K)
 Metaspace       used 83066K, capacity 85367K, committed 85620K, reserved 1124352K
  class space    used 10657K, capacity 11417K, committed 11520K, reserved 1048576K
GC Heap History (20 events):
Event: 15.030 GC heap after
{Heap after GC invocations=13 (full 0):
 garbage-first heap   total 189440K, used 74845K [0x0000000080000000, 0x0000000100000000)
  region size 1024K, 8 young (8192K), 8 survivors (8192K)
 Metaspace       used 51396K, capacity 52990K, committed 53168K, reserved 1095680K
  class space    used 6552K, capacity 7084K, committed 7168K, reserved 1048576K
}
Event: 16.983 GC heap before
{Heap before GC invocations=13 (full 0):
 garbage-first heap   total 189440K, used 141405K [0x0000000080000000, 0x0000000100000000)
  region size 1024K, 69 young (70656K), 8 survivors (8192K)
 Metaspace       used 57000K, capacity 58840K, committed 59056K, reserved 1099776K
  class space    used 7272K, capacity 7874K, committed 7936K, reserved 1048576K
}
Event: 17.005 GC heap after
{Heap after GC invocations=14 (full 0):
 garbage-first heap   total 189440K, used 86356K [0x0000000080000000, 0x0000000100000000)
  region size 1024K, 9 young (9216K), 9 survivors (9216K)
 Metaspace       used 57000K, capacity 58840K, committed 59056K, reserved 1099776K
  class space    used 7272K, capacity 7874K, committed 7936K, reserved 1048576K
}
Event: 17.167 GC heap before
{Heap before GC invocations=14 (full 0):
 garbage-first heap   total 189440K, used 90452K [0x0000000080000000, 0x0000000100000000)
  region size 1024K, 14 young (14336K), 9 survivors (9216K)
 Metaspace       used 57804K, capacity 59550K, committed 59696K, reserved 1101824K
  class space    used 7333K, capacity 7940K, committed 8064K, reserved 1048576K
}
Event: 17.185 GC heap after
{Heap after GC invocations=15 (full 0):
 garbage-first heap   total 189440K, used 87351K [0x0000000080000000, 0x0000000100000000)
  region size 1024K, 1 young (1024K), 1 survivors (1024K)
 Metaspace       used 57804K, capacity 59550K, committed 59696K, reserved 1101824K
  class space    used 7333K, capacity 7940K, committed 8064K, reserved 1048576K
}
Event: 18.475 GC heap before
{Heap before GC invocations=16 (full 0):
 garbage-first heap   total 189440K, used 126263K [0x0000000080000000, 0x0000000100000000)
  region size 1024K, 39 young (39936K), 1 survivors (1024K)
 Metaspace       used 63969K, capacity 65787K, committed 65908K, reserved 1105920K
  class space    used 8071K, capacity 8696K, committed 8704K, reserved 1048576K
}
Event: 18.496 GC heap after
{Heap after GC invocations=17 (full 0):
 garbage-first heap   total 189440K, used 89478K [0x0000000080000000, 0x0000000100000000)
  region size 1024K, 4 young (4096K), 4 survivors (4096K)
 Metaspace       used 63969K, capacity 65787K, committed 65908K, reserved 1105920K
  class space    used 8071K, capacity 8696K, committed 8704K, reserved 1048576K
}
Event: 18.878 GC heap before
{Heap before GC invocations=18 (full 0):
 garbage-first heap   total 189440K, used 109958K [0x0000000080000000, 0x0000000100000000)
  region size 1024K, 20 young (20480K), 4 survivors (4096K)
 Metaspace       used 64258K, capacity 66100K, committed 66292K, reserved 1107968K
  class space    used 8095K, capacity 8713K, committed 8832K, reserved 1048576K
}
Event: 18.897 GC heap after
{Heap after GC invocations=19 (full 0):
 garbage-first heap   total 227328K, used 96184K [0x0000000080000000, 0x0000000100000000)
  region size 1024K, 6 young (6144K), 6 survivors (6144K)
 Metaspace       used 64258K, capacity 66100K, committed 66292K, reserved 1107968K
  class space    used 8095K, capacity 8713K, committed 8832K, reserved 1048576K
}
Event: 20.995 GC heap before
{Heap before GC invocations=20 (full 0):
 garbage-first heap   total 227328K, used 158648K [0x0000000080000000, 0x0000000100000000)
  region size 1024K, 64 young (65536K), 6 survivors (6144K)
 Metaspace       used 68748K, capacity 70658K, committed 70900K, reserved 1112064K
  class space    used 8682K, capacity 9344K, committed 9344K, reserved 1048576K
}
Event: 21.029 GC heap after
{Heap after GC invocations=21 (full 0):
 garbage-first heap   total 227328K, used 95590K [0x0000000080000000, 0x0000000100000000)
  region size 1024K, 6 young (6144K), 6 survivors (6144K)
 Metaspace       used 68748K, capacity 70658K, committed 70900K, reserved 1112064K
  class space    used 8682K, capacity 9344K, committed 9344K, reserved 1048576K
}
Event: 22.631 GC heap before
{Heap before GC invocations=21 (full 0):
 garbage-first heap   total 227328K, used 159078K [0x0000000080000000, 0x0000000100000000)
  region size 1024K, 68 young (69632K), 6 survivors (6144K)
 Metaspace       used 70895K, capacity 72882K, committed 73076K, reserved 1112064K
  class space    used 8962K, capacity 9614K, committed 9728K, reserved 1048576K
}
Event: 22.652 GC heap after
{Heap after GC invocations=22 (full 0):
 garbage-first heap   total 227328K, used 100286K [0x0000000080000000, 0x0000000100000000)
  region size 1024K, 8 young (8192K), 8 survivors (8192K)
 Metaspace       used 70895K, capacity 72882K, committed 73076K, reserved 1112064K
  class space    used 8962K, capacity 9614K, committed 9728K, reserved 1048576K
}
Event: 24.512 GC heap before
{Heap before GC invocations=22 (full 0):
 garbage-first heap   total 227328K, used 164798K [0x0000000080000000, 0x0000000100000000)
  region size 1024K, 71 young (72704K), 8 survivors (8192K)
 Metaspace       used 75504K, capacity 77464K, committed 77684K, reserved 1116160K
  class space    used 9750K, capacity 10450K, committed 10496K, reserved 1048576K
}
Event: 24.537 GC heap after
{Heap after GC invocations=23 (full 0):
 garbage-first heap   total 227328K, used 104611K [0x0000000080000000, 0x0000000100000000)
  region size 1024K, 9 young (9216K), 9 survivors (9216K)
 Metaspace       used 75504K, capacity 77464K, committed 77684K, reserved 1116160K
  class space    used 9750K, capacity 10450K, committed 10496K, reserved 1048576K
}
Event: 25.276 GC heap before
{Heap before GC invocations=23 (full 0):
 garbage-first heap   total 227328K, used 144547K [0x0000000080000000, 0x0000000100000000)
  region size 1024K, 44 young (45056K), 9 survivors (9216K)
 Metaspace       used 78116K, capacity 80052K, committed 80116K, reserved 1118208K
  class space    used 9986K, capacity 10604K, committed 10624K, reserved 1048576K
}
Event: 25.303 GC heap after
{Heap after GC invocations=24 (full 0):
 garbage-first heap   total 227328K, used 116391K [0x0000000080000000, 0x0000000100000000)
  region size 1024K, 10 young (10240K), 10 survivors (10240K)
 Metaspace       used 78116K, capacity 80052K, committed 80116K, reserved 1118208K
  class space    used 9986K, capacity 10604K, committed 10624K, reserved 1048576K
}
Event: 27.260 GC heap before
{Heap before GC invocations=25 (full 0):
 garbage-first heap   total 227328K, used 190119K [0x0000000080000000, 0x0000000100000000)
  region size 1024K, 68 young (69632K), 10 survivors (10240K)
 Metaspace       used 80885K, capacity 83138K, committed 83316K, reserved 1122304K
  class space    used 10369K, capacity 11152K, committed 11264K, reserved 1048576K
}
Event: 27.288 GC heap after
{Heap after GC invocations=26 (full 0):
 garbage-first heap   total 227328K, used 137631K [0x0000000080000000, 0x0000000100000000)
  region size 1024K, 7 young (7168K), 7 survivors (7168K)
 Metaspace       used 80885K, capacity 83138K, committed 83316K, reserved 1122304K
  class space    used 10369K, capacity 11152K, committed 11264K, reserved 1048576K
}
Event: 28.622 GC heap before
{Heap before GC invocations=26 (full 0):
 garbage-first heap   total 227328K, used 184735K [0x0000000080000000, 0x0000000100000000)
  region size 1024K, 53 young (54272K), 7 survivors (7168K)
 Metaspace       used 83066K, capacity 85367K, committed 85620K, reserved 1124352K
  class space    used 10657K, capacity 11417K, committed 11520K, reserved 1048576K
}

