# JRE version: OpenJDK Runtime Environment (11.0.13) (build 11.0.13+0-b1751.21-8125866)
# Java VM: OpenJDK 64-Bit Server VM (11.0.13+0-b1751.21-8125866, mixed mode, tiered, compressed oops, g1 gc, windows-amd64)
Heap:
 garbage-first heap   total 273408K, used 145585K [0x0000000080000000, 0x0000000100000000)
  region size 1024K, 6 young (6144K), 6 survivors (6144K)
 Metaspace       used 94152K, capacity 96661K, committed 96816K, reserved 1132544K
  class space    used 12010K, capacity 12874K, committed 12928K, reserved 1048576K
GC Heap History (20 events):
Event: 22.114 GC heap after
{Heap after GC invocations=19 (full 0):
 garbage-first heap   total 189440K, used 99568K [0x0000000080000000, 0x0000000100000000)
  region size 1024K, 7 young (7168K), 7 survivors (7168K)
 Metaspace       used 67154K, capacity 69018K, committed 69296K, reserved 1110016K
  class space    used 8459K, capacity 9103K, committed 9216K, reserved 1048576K
}
Event: 22.254 GC heap before
{Heap before GC invocations=19 (full 0):
 garbage-first heap   total 189440K, used 104688K [0x0000000080000000, 0x0000000100000000)
  region size 1024K, 13 young (13312K), 7 survivors (7168K)
 Metaspace       used 67544K, capacity 69408K, committed 69552K, reserved 1110016K
  class space    used 8523K, capacity 9168K, committed 9216K, reserved 1048576K
}
Event: 22.273 GC heap after
{Heap after GC invocations=20 (full 0):
 garbage-first heap   total 189440K, used 100095K [0x0000000080000000, 0x0000000100000000)
  region size 1024K, 1 young (1024K), 1 survivors (1024K)
 Metaspace       used 67544K, capacity 69408K, committed 69552K, reserved 1110016K
  class space    used 8523K, capacity 9168K, committed 9216K, reserved 1048576K
}
Event: 23.167 GC heap before
{Heap before GC invocations=21 (full 0):
 garbage-first heap   total 189440K, used 145151K [0x0000000080000000, 0x0000000100000000)
  region size 1024K, 44 young (45056K), 1 survivors (1024K)
 Metaspace       used 68621K, capacity 70624K, committed 70832K, reserved 1110016K
  class space    used 8686K, capacity 9354K, committed 9472K, reserved 1048576K
}
Event: 23.182 GC heap after
{Heap after GC invocations=22 (full 0):
 garbage-first heap   total 189440K, used 102529K [0x0000000080000000, 0x0000000100000000)
  region size 1024K, 4 young (4096K), 4 survivors (4096K)
 Metaspace       used 68621K, capacity 70624K, committed 70832K, reserved 1110016K
  class space    used 8686K, capacity 9354K, committed 9472K, reserved 1048576K
}
Event: 24.339 GC heap before
{Heap before GC invocations=22 (full 0):
 garbage-first heap   total 189440K, used 146561K [0x0000000080000000, 0x0000000100000000)
  region size 1024K, 47 young (48128K), 4 survivors (4096K)
 Metaspace       used 72057K, capacity 74051K, committed 74160K, reserved 1114112K
  class space    used 9198K, capacity 9899K, committed 9984K, reserved 1048576K
}
Event: 24.360 GC heap after
{Heap after GC invocations=23 (full 0):
 garbage-first heap   total 189440K, used 105012K [0x0000000080000000, 0x0000000100000000)
  region size 1024K, 6 young (6144K), 6 survivors (6144K)
 Metaspace       used 72057K, capacity 74051K, committed 74160K, reserved 1114112K
  class space    used 9198K, capacity 9899K, committed 9984K, reserved 1048576K
}
Event: 25.491 GC heap before
{Heap before GC invocations=24 (full 0):
 garbage-first heap   total 189440K, used 150068K [0x0000000080000000, 0x0000000100000000)
  region size 1024K, 50 young (51200K), 6 survivors (6144K)
 Metaspace       used 74854K, capacity 76875K, committed 76976K, reserved 1116160K
  class space    used 9665K, capacity 10405K, committed 10496K, reserved 1048576K
}
Event: 25.516 GC heap after
{Heap after GC invocations=25 (full 0):
 garbage-first heap   total 227328K, used 108471K [0x0000000080000000, 0x0000000100000000)
  region size 1024K, 6 young (6144K), 6 survivors (6144K)
 Metaspace       used 74854K, capacity 76875K, committed 76976K, reserved 1116160K
  class space    used 9665K, capacity 10405K, committed 10496K, reserved 1048576K
}
Event: 26.396 GC heap before
{Heap before GC invocations=25 (full 0):
 garbage-first heap   total 227328K, used 148407K [0x0000000080000000, 0x0000000100000000)
  region size 1024K, 47 young (48128K), 6 survivors (6144K)
 Metaspace       used 77786K, capacity 79780K, committed 79920K, reserved 1118208K
  class space    used 9950K, capacity 10600K, committed 10624K, reserved 1048576K
}
Event: 26.430 GC heap after
{Heap after GC invocations=26 (full 0):
 garbage-first heap   total 227328K, used 112750K [0x0000000080000000, 0x0000000100000000)
  region size 1024K, 8 young (8192K), 8 survivors (8192K)
 Metaspace       used 77786K, capacity 79780K, committed 79920K, reserved 1118208K
  class space    used 9950K, capacity 10600K, committed 10624K, reserved 1048576K
}
Event: 28.102 GC heap before
{Heap before GC invocations=27 (full 0):
 garbage-first heap   total 227328K, used 191598K [0x0000000080000000, 0x0000000100000000)
  region size 1024K, 68 young (69632K), 8 survivors (8192K)
 Metaspace       used 80583K, capacity 82873K, committed 83120K, reserved 1122304K
  class space    used 10340K, capacity 11148K, committed 11264K, reserved 1048576K
}
Event: 28.128 GC heap after
{Heap after GC invocations=28 (full 0):
 garbage-first heap   total 227328K, used 137443K [0x0000000080000000, 0x0000000100000000)
  region size 1024K, 9 young (9216K), 9 survivors (9216K)
 Metaspace       used 80583K, capacity 82873K, committed 83120K, reserved 1122304K
  class space    used 10340K, capacity 11148K, committed 11264K, reserved 1048576K
}
Event: 28.447 GC heap before
{Heap before GC invocations=28 (full 0):
 garbage-first heap   total 227328K, used 164067K [0x0000000080000000, 0x0000000100000000)
  region size 1024K, 36 young (36864K), 9 survivors (9216K)
 Metaspace       used 81776K, capacity 84011K, committed 84144K, reserved 1122304K
  class space    used 10471K, capacity 11247K, committed 11264K, reserved 1048576K
}
Event: 28.463 GC heap after
{Heap after GC invocations=29 (full 0):
 garbage-first heap   total 227328K, used 139025K [0x0000000080000000, 0x0000000100000000)
  region size 1024K, 2 young (2048K), 2 survivors (2048K)
 Metaspace       used 81776K, capacity 84011K, committed 84144K, reserved 1122304K
  class space    used 10471K, capacity 11247K, committed 11264K, reserved 1048576K
}
Event: 29.804 GC heap before
{Heap before GC invocations=30 (full 0):
 garbage-first heap   total 227328K, used 179985K [0x0000000080000000, 0x0000000100000000)
  region size 1024K, 41 young (41984K), 2 survivors (2048K)
 Metaspace       used 86512K, capacity 88845K, committed 89136K, reserved 1126400K
  class space    used 11061K, capacity 11846K, committed 11904K, reserved 1048576K
}
Event: 29.818 GC heap after
{Heap after GC invocations=31 (full 0):
 garbage-first heap   total 227328K, used 139238K [0x0000000080000000, 0x0000000100000000)
  region size 1024K, 2 young (2048K), 2 survivors (2048K)
 Metaspace       used 86512K, capacity 88845K, committed 89136K, reserved 1126400K
  class space    used 11061K, capacity 11846K, committed 11904K, reserved 1048576K
}
Event: 31.033 GC heap before
{Heap before GC invocations=31 (full 0):
 garbage-first heap   total 227328K, used 181222K [0x0000000080000000, 0x0000000100000000)
  region size 1024K, 43 young (44032K), 2 survivors (2048K)
 Metaspace       used 90664K, capacity 93094K, committed 93360K, reserved 1130496K
  class space    used 11598K, capacity 12417K, committed 12544K, reserved 1048576K
}
Event: 31.051 GC heap after
{Heap after GC invocations=32 (full 0):
 garbage-first heap   total 227328K, used 141903K [0x0000000080000000, 0x0000000100000000)
  region size 1024K, 5 young (5120K), 5 survivors (5120K)
 Metaspace       used 90664K, capacity 93094K, committed 93360K, reserved 1130496K
  class space    used 11598K, capacity 12417K, committed 12544K, reserved 1048576K
}
Event: 32.991 GC heap before
{Heap before GC invocations=33 (full 0):
 garbage-first heap   total 227328K, used 183887K [0x0000000080000000, 0x0000000100000000)
  region size 1024K, 46 young (47104K), 5 survivors (5120K)
 Metaspace       used 94152K, capacity 96661K, committed 96816K, reserved 1132544K
  class space    used 12010K, capacity 12874K, committed 12928K, reserved 1048576K
}

